2021-08-02 15:52:10,063 [15] 
 /TestPage/Index; Mozilla/5.0 (Windows NT 10.0; Win64; x64; rv:90.0) Gecko/20100101 Firefox/90.0; GET
ASP.NET_SessionId=s5o2gr55jh3sbxzdlmxsfm45&ALL_HTTP=HTTP_CONNECTION:keep-alive
HTTP_ACCEPT:text/html,application/xhtml+xml,application/xml;q=0.9,image/webp,*/*;q=0.8
HTTP_ACCEPT_ENCODING:gzip, deflate
HTTP_ACCEPT_LANGUAGE:zh-CN,zh;q=0.8,zh-TW;q=0.7,zh-HK;q=0.5,en-US;q=0.3,en;q=0.2
HTTP_COOKIE:ASP.NET_SessionId=s5o2gr55jh3sbxzdlmxsfm45
HTTP_HOST:localhost:40415
HTTP_USER_AGENT:Mozilla/5.0 (Windows NT 10.0; Win64; x64; rv:90.0) Gecko/20100101 Firefox/90.0
HTTP_UPGRADE_INSECURE_REQUESTS:1
HTTP_SEC_FETCH_DEST:document
HTTP_SEC_FETCH_MODE:navigate
HTTP_SEC_FETCH_SITE:none
HTTP_SEC_FETCH_USER:?1
&ALL_RAW=Connection: keep-alive
Accept: text/html,application/xhtml+xml,application/xml;q=0.9,image/webp,*/*;q=0.8
Accept-Encoding: gzip, deflate
Accept-Language: zh-CN,zh;q=0.8,zh-TW;q=0.7,zh-HK;q=0.5,en-US;q=0.3,en;q=0.2
Cookie: ASP.NET_SessionId=s5o2gr55jh3sbxzdlmxsfm45
Host: localhost:40415
User-Agent: Mozilla/5.0 (Windows NT 10.0; Win64; x64; rv:90.0) Gecko/20100101 Firefox/90.0
Upgrade-Insecure-Requests: 1
Sec-Fetch-Dest: document
Sec-Fetch-Mode: navigate
Sec-Fetch-Site: none
Sec-Fetch-User: ?1
&APPL_MD_PATH=/LM/W3SVC/2/ROOT&APPL_PHYSICAL_PATH=C:\Users\mai22.public\source\repos\CommonLibrary\CommonLibraryWeb\&AUTH_TYPE=&AUTH_USER=&AUTH_PASSWORD=&LOGON_USER=&REMOTE_USER=&CERT_COOKIE=&CERT_FLAGS=&CERT_ISSUER=&CERT_KEYSIZE=&CERT_SECRETKEYSIZE=&CERT_SERIALNUMBER=&CERT_SERVER_ISSUER=&CERT_SERVER_SUBJECT=&CERT_SUBJECT=&CONTENT_LENGTH=0&CONTENT_TYPE=&GATEWAY_INTERFACE=CGI/1.1&HTTPS=off&HTTPS_KEYSIZE=&HTTPS_SECRETKEYSIZE=&HTTPS_SERVER_ISSUER=&HTTPS_SERVER_SUBJECT=&INSTANCE_ID=2&INSTANCE_META_PATH=/LM/W3SVC/2&LOCAL_ADDR=127.0.0.1&PATH_INFO=/TestPage/Index&PATH_TRANSLATED=C:\Users\mai22.public\source\repos\CommonLibrary\CommonLibraryWeb\TestPage\Index&QUERY_STRING=&REMOTE_ADDR=127.0.0.1&REMOTE_HOST=127.0.0.1&REMOTE_PORT=44162&REQUEST_METHOD=GET&SCRIPT_NAME=/TestPage/Index&SERVER_NAME=localhost&SERVER_PORT=40415&SERVER_PORT_SECURE=0&SERVER_PROTOCOL=HTTP/1.1&SERVER_SOFTWARE=Microsoft-IIS/10.0&URL=/TestPage/Index&HTTP_CONNECTION=keep-alive&HTTP_ACCEPT=text/html,application/xhtml+xml,application/xml;q=0.9,image/webp,*/*;q=0.8&HTTP_ACCEPT_ENCODING=gzip, deflate&HTTP_ACCEPT_LANGUAGE=zh-CN,zh;q=0.8,zh-TW;q=0.7,zh-HK;q=0.5,en-US;q=0.3,en;q=0.2&HTTP_COOKIE=ASP.NET_SessionId=s5o2gr55jh3sbxzdlmxsfm45&HTTP_HOST=localhost:40415&HTTP_USER_AGENT=Mozilla/5.0 (Windows NT 10.0; Win64; x64; rv:90.0) Gecko/20100101 Firefox/90.0&HTTP_UPGRADE_INSECURE_REQUESTS=1&HTTP_SEC_FETCH_DEST=document&HTTP_SEC_FETCH_MODE=navigate&HTTP_SEC_FETCH_SITE=none&HTTP_SEC_FETCH_USER=?1
 BeginRequest
2021-08-02 15:52:49,504 [52] 
 /FileUpload/ProcessUpload; Mozilla/5.0 (Windows NT 10.0; Win64; x64; rv:90.0) Gecko/20100101 Firefox/90.0; POST
ASP.NET_SessionId=s5o2gr55jh3sbxzdlmxsfm45&ALL_HTTP=HTTP_CONNECTION:keep-alive
HTTP_CONTENT_LENGTH:131072
HTTP_ACCEPT:*/*
HTTP_ACCEPT_ENCODING:gzip, deflate
HTTP_ACCEPT_LANGUAGE:zh-CN,zh;q=0.8,zh-TW;q=0.7,zh-HK;q=0.5,en-US;q=0.3,en;q=0.2
HTTP_COOKIE:ASP.NET_SessionId=s5o2gr55jh3sbxzdlmxsfm45
HTTP_HOST:localhost:40415
HTTP_REFERER:http://localhost:40415/TestPage/Index
HTTP_USER_AGENT:Mozilla/5.0 (Windows NT 10.0; Win64; x64; rv:90.0) Gecko/20100101 Firefox/90.0
HTTP_CONTENT_FILENAME:PowerDesigner%25E7%25A0%25B4%25E8%25A7%25A3.rar
HTTP_CONTENT_FILETYPE:
HTTP_CONTENT_FILESIZE:494857
HTTP_CONTENT_RANGESTART:0
HTTP_CONTENT_RANGEEND:131072
HTTP_ORIGIN:http://localhost:40415
HTTP_SEC_FETCH_DEST:empty
HTTP_SEC_FETCH_MODE:cors
HTTP_SEC_FETCH_SITE:same-origin
&ALL_RAW=Connection: keep-alive
Content-Length: 131072
Accept: */*
Accept-Encoding: gzip, deflate
Accept-Language: zh-CN,zh;q=0.8,zh-TW;q=0.7,zh-HK;q=0.5,en-US;q=0.3,en;q=0.2
Cookie: ASP.NET_SessionId=s5o2gr55jh3sbxzdlmxsfm45
Host: localhost:40415
Referer: http://localhost:40415/TestPage/Index
User-Agent: Mozilla/5.0 (Windows NT 10.0; Win64; x64; rv:90.0) Gecko/20100101 Firefox/90.0
Content-FileName: PowerDesigner%25E7%25A0%25B4%25E8%25A7%25A3.rar
Content-FileType: 
Content-FileSize: 494857
Content-RangeStart: 0
Content-RangeEnd: 131072
Origin: http://localhost:40415
Sec-Fetch-Dest: empty
Sec-Fetch-Mode: cors
Sec-Fetch-Site: same-origin
&APPL_MD_PATH=/LM/W3SVC/2/ROOT&APPL_PHYSICAL_PATH=C:\Users\mai22.public\source\repos\CommonLibrary\CommonLibraryWeb\&AUTH_TYPE=&AUTH_USER=&AUTH_PASSWORD=&LOGON_USER=&REMOTE_USER=&CERT_COOKIE=&CERT_FLAGS=&CERT_ISSUER=&CERT_KEYSIZE=&CERT_SECRETKEYSIZE=&CERT_SERIALNUMBER=&CERT_SERVER_ISSUER=&CERT_SERVER_SUBJECT=&CERT_SUBJECT=&CONTENT_LENGTH=131072&CONTENT_TYPE=&GATEWAY_INTERFACE=CGI/1.1&HTTPS=off&HTTPS_KEYSIZE=&HTTPS_SECRETKEYSIZE=&HTTPS_SERVER_ISSUER=&HTTPS_SERVER_SUBJECT=&INSTANCE_ID=2&INSTANCE_META_PATH=/LM/W3SVC/2&LOCAL_ADDR=127.0.0.1&PATH_INFO=/FileUpload/ProcessUpload&PATH_TRANSLATED=C:\Users\mai22.public\source\repos\CommonLibrary\CommonLibraryWeb\FileUpload\ProcessUpload&QUERY_STRING=&REMOTE_ADDR=127.0.0.1&REMOTE_HOST=127.0.0.1&REMOTE_PORT=44162&REQUEST_METHOD=POST&SCRIPT_NAME=/FileUpload/ProcessUpload&SERVER_NAME=localhost&SERVER_PORT=40415&SERVER_PORT_SECURE=0&SERVER_PROTOCOL=HTTP/1.1&SERVER_SOFTWARE=Microsoft-IIS/10.0&URL=/FileUpload/ProcessUpload&HTTP_CONNECTION=keep-alive&HTTP_CONTENT_LENGTH=131072&HTTP_ACCEPT=*/*&HTTP_ACCEPT_ENCODING=gzip, deflate&HTTP_ACCEPT_LANGUAGE=zh-CN,zh;q=0.8,zh-TW;q=0.7,zh-HK;q=0.5,en-US;q=0.3,en;q=0.2&HTTP_COOKIE=ASP.NET_SessionId=s5o2gr55jh3sbxzdlmxsfm45&HTTP_HOST=localhost:40415&HTTP_REFERER=http://localhost:40415/TestPage/Index&HTTP_USER_AGENT=Mozilla/5.0 (Windows NT 10.0; Win64; x64; rv:90.0) Gecko/20100101 Firefox/90.0&HTTP_CONTENT_FILENAME=PowerDesigner%25E7%25A0%25B4%25E8%25A7%25A3.rar&HTTP_CONTENT_FILETYPE=&HTTP_CONTENT_FILESIZE=494857&HTTP_CONTENT_RANGESTART=0&HTTP_CONTENT_RANGEEND=131072&HTTP_ORIGIN=http://localhost:40415&HTTP_SEC_FETCH_DEST=empty&HTTP_SEC_FETCH_MODE=cors&HTTP_SEC_FETCH_SITE=same-origin
 BeginRequest
2021-08-02 15:52:49,566 [10] 
 /FileUpload/ProcessUpload; Mozilla/5.0 (Windows NT 10.0; Win64; x64; rv:90.0) Gecko/20100101 Firefox/90.0; POST
ASP.NET_SessionId=s5o2gr55jh3sbxzdlmxsfm45&ALL_HTTP=HTTP_CONNECTION:keep-alive
HTTP_CONTENT_LENGTH:131072
HTTP_ACCEPT:*/*
HTTP_ACCEPT_ENCODING:gzip, deflate
HTTP_ACCEPT_LANGUAGE:zh-CN,zh;q=0.8,zh-TW;q=0.7,zh-HK;q=0.5,en-US;q=0.3,en;q=0.2
HTTP_COOKIE:ASP.NET_SessionId=s5o2gr55jh3sbxzdlmxsfm45
HTTP_HOST:localhost:40415
HTTP_REFERER:http://localhost:40415/TestPage/Index
HTTP_USER_AGENT:Mozilla/5.0 (Windows NT 10.0; Win64; x64; rv:90.0) Gecko/20100101 Firefox/90.0
HTTP_CONTENT_FILENAME:PowerDesigner%25E7%25A0%25B4%25E8%25A7%25A3.rar
HTTP_CONTENT_FILETYPE:
HTTP_CONTENT_FILESIZE:494857
HTTP_CONTENT_RANGESTART:131072
HTTP_CONTENT_RANGEEND:262144
HTTP_ORIGIN:http://localhost:40415
HTTP_SEC_FETCH_DEST:empty
HTTP_SEC_FETCH_MODE:cors
HTTP_SEC_FETCH_SITE:same-origin
&ALL_RAW=Connection: keep-alive
Content-Length: 131072
Accept: */*
Accept-Encoding: gzip, deflate
Accept-Language: zh-CN,zh;q=0.8,zh-TW;q=0.7,zh-HK;q=0.5,en-US;q=0.3,en;q=0.2
Cookie: ASP.NET_SessionId=s5o2gr55jh3sbxzdlmxsfm45
Host: localhost:40415
Referer: http://localhost:40415/TestPage/Index
User-Agent: Mozilla/5.0 (Windows NT 10.0; Win64; x64; rv:90.0) Gecko/20100101 Firefox/90.0
Content-FileName: PowerDesigner%25E7%25A0%25B4%25E8%25A7%25A3.rar
Content-FileType: 
Content-FileSize: 494857
Content-RangeStart: 131072
Content-RangeEnd: 262144
Origin: http://localhost:40415
Sec-Fetch-Dest: empty
Sec-Fetch-Mode: cors
Sec-Fetch-Site: same-origin
&APPL_MD_PATH=/LM/W3SVC/2/ROOT&APPL_PHYSICAL_PATH=C:\Users\mai22.public\source\repos\CommonLibrary\CommonLibraryWeb\&AUTH_TYPE=&AUTH_USER=&AUTH_PASSWORD=&LOGON_USER=&REMOTE_USER=&CERT_COOKIE=&CERT_FLAGS=&CERT_ISSUER=&CERT_KEYSIZE=&CERT_SECRETKEYSIZE=&CERT_SERIALNUMBER=&CERT_SERVER_ISSUER=&CERT_SERVER_SUBJECT=&CERT_SUBJECT=&CONTENT_LENGTH=131072&CONTENT_TYPE=&GATEWAY_INTERFACE=CGI/1.1&HTTPS=off&HTTPS_KEYSIZE=&HTTPS_SECRETKEYSIZE=&HTTPS_SERVER_ISSUER=&HTTPS_SERVER_SUBJECT=&INSTANCE_ID=2&INSTANCE_META_PATH=/LM/W3SVC/2&LOCAL_ADDR=127.0.0.1&PATH_INFO=/FileUpload/ProcessUpload&PATH_TRANSLATED=C:\Users\mai22.public\source\repos\CommonLibrary\CommonLibraryWeb\FileUpload\ProcessUpload&QUERY_STRING=&REMOTE_ADDR=127.0.0.1&REMOTE_HOST=127.0.0.1&REMOTE_PORT=44162&REQUEST_METHOD=POST&SCRIPT_NAME=/FileUpload/ProcessUpload&SERVER_NAME=localhost&SERVER_PORT=40415&SERVER_PORT_SECURE=0&SERVER_PROTOCOL=HTTP/1.1&SERVER_SOFTWARE=Microsoft-IIS/10.0&URL=/FileUpload/ProcessUpload&HTTP_CONNECTION=keep-alive&HTTP_CONTENT_LENGTH=131072&HTTP_ACCEPT=*/*&HTTP_ACCEPT_ENCODING=gzip, deflate&HTTP_ACCEPT_LANGUAGE=zh-CN,zh;q=0.8,zh-TW;q=0.7,zh-HK;q=0.5,en-US;q=0.3,en;q=0.2&HTTP_COOKIE=ASP.NET_SessionId=s5o2gr55jh3sbxzdlmxsfm45&HTTP_HOST=localhost:40415&HTTP_REFERER=http://localhost:40415/TestPage/Index&HTTP_USER_AGENT=Mozilla/5.0 (Windows NT 10.0; Win64; x64; rv:90.0) Gecko/20100101 Firefox/90.0&HTTP_CONTENT_FILENAME=PowerDesigner%25E7%25A0%25B4%25E8%25A7%25A3.rar&HTTP_CONTENT_FILETYPE=&HTTP_CONTENT_FILESIZE=494857&HTTP_CONTENT_RANGESTART=131072&HTTP_CONTENT_RANGEEND=262144&HTTP_ORIGIN=http://localhost:40415&HTTP_SEC_FETCH_DEST=empty&HTTP_SEC_FETCH_MODE=cors&HTTP_SEC_FETCH_SITE=same-origin
 BeginRequest
2021-08-02 15:52:49,615 [39] 
 /FileUpload/ProcessUpload; Mozilla/5.0 (Windows NT 10.0; Win64; x64; rv:90.0) Gecko/20100101 Firefox/90.0; POST
ASP.NET_SessionId=s5o2gr55jh3sbxzdlmxsfm45&ALL_HTTP=HTTP_CONNECTION:keep-alive
HTTP_CONTENT_LENGTH:131072
HTTP_ACCEPT:*/*
HTTP_ACCEPT_ENCODING:gzip, deflate
HTTP_ACCEPT_LANGUAGE:zh-CN,zh;q=0.8,zh-TW;q=0.7,zh-HK;q=0.5,en-US;q=0.3,en;q=0.2
HTTP_COOKIE:ASP.NET_SessionId=s5o2gr55jh3sbxzdlmxsfm45
HTTP_HOST:localhost:40415
HTTP_REFERER:http://localhost:40415/TestPage/Index
HTTP_USER_AGENT:Mozilla/5.0 (Windows NT 10.0; Win64; x64; rv:90.0) Gecko/20100101 Firefox/90.0
HTTP_CONTENT_FILENAME:PowerDesigner%25E7%25A0%25B4%25E8%25A7%25A3.rar
HTTP_CONTENT_FILETYPE:
HTTP_CONTENT_FILESIZE:494857
HTTP_CONTENT_RANGESTART:262144
HTTP_CONTENT_RANGEEND:393216
HTTP_ORIGIN:http://localhost:40415
HTTP_SEC_FETCH_DEST:empty
HTTP_SEC_FETCH_MODE:cors
HTTP_SEC_FETCH_SITE:same-origin
&ALL_RAW=Connection: keep-alive
Content-Length: 131072
Accept: */*
Accept-Encoding: gzip, deflate
Accept-Language: zh-CN,zh;q=0.8,zh-TW;q=0.7,zh-HK;q=0.5,en-US;q=0.3,en;q=0.2
Cookie: ASP.NET_SessionId=s5o2gr55jh3sbxzdlmxsfm45
Host: localhost:40415
Referer: http://localhost:40415/TestPage/Index
User-Agent: Mozilla/5.0 (Windows NT 10.0; Win64; x64; rv:90.0) Gecko/20100101 Firefox/90.0
Content-FileName: PowerDesigner%25E7%25A0%25B4%25E8%25A7%25A3.rar
Content-FileType: 
Content-FileSize: 494857
Content-RangeStart: 262144
Content-RangeEnd: 393216
Origin: http://localhost:40415
Sec-Fetch-Dest: empty
Sec-Fetch-Mode: cors
Sec-Fetch-Site: same-origin
&APPL_MD_PATH=/LM/W3SVC/2/ROOT&APPL_PHYSICAL_PATH=C:\Users\mai22.public\source\repos\CommonLibrary\CommonLibraryWeb\&AUTH_TYPE=&AUTH_USER=&AUTH_PASSWORD=&LOGON_USER=&REMOTE_USER=&CERT_COOKIE=&CERT_FLAGS=&CERT_ISSUER=&CERT_KEYSIZE=&CERT_SECRETKEYSIZE=&CERT_SERIALNUMBER=&CERT_SERVER_ISSUER=&CERT_SERVER_SUBJECT=&CERT_SUBJECT=&CONTENT_LENGTH=131072&CONTENT_TYPE=&GATEWAY_INTERFACE=CGI/1.1&HTTPS=off&HTTPS_KEYSIZE=&HTTPS_SECRETKEYSIZE=&HTTPS_SERVER_ISSUER=&HTTPS_SERVER_SUBJECT=&INSTANCE_ID=2&INSTANCE_META_PATH=/LM/W3SVC/2&LOCAL_ADDR=127.0.0.1&PATH_INFO=/FileUpload/ProcessUpload&PATH_TRANSLATED=C:\Users\mai22.public\source\repos\CommonLibrary\CommonLibraryWeb\FileUpload\ProcessUpload&QUERY_STRING=&REMOTE_ADDR=127.0.0.1&REMOTE_HOST=127.0.0.1&REMOTE_PORT=44162&REQUEST_METHOD=POST&SCRIPT_NAME=/FileUpload/ProcessUpload&SERVER_NAME=localhost&SERVER_PORT=40415&SERVER_PORT_SECURE=0&SERVER_PROTOCOL=HTTP/1.1&SERVER_SOFTWARE=Microsoft-IIS/10.0&URL=/FileUpload/ProcessUpload&HTTP_CONNECTION=keep-alive&HTTP_CONTENT_LENGTH=131072&HTTP_ACCEPT=*/*&HTTP_ACCEPT_ENCODING=gzip, deflate&HTTP_ACCEPT_LANGUAGE=zh-CN,zh;q=0.8,zh-TW;q=0.7,zh-HK;q=0.5,en-US;q=0.3,en;q=0.2&HTTP_COOKIE=ASP.NET_SessionId=s5o2gr55jh3sbxzdlmxsfm45&HTTP_HOST=localhost:40415&HTTP_REFERER=http://localhost:40415/TestPage/Index&HTTP_USER_AGENT=Mozilla/5.0 (Windows NT 10.0; Win64; x64; rv:90.0) Gecko/20100101 Firefox/90.0&HTTP_CONTENT_FILENAME=PowerDesigner%25E7%25A0%25B4%25E8%25A7%25A3.rar&HTTP_CONTENT_FILETYPE=&HTTP_CONTENT_FILESIZE=494857&HTTP_CONTENT_RANGESTART=262144&HTTP_CONTENT_RANGEEND=393216&HTTP_ORIGIN=http://localhost:40415&HTTP_SEC_FETCH_DEST=empty&HTTP_SEC_FETCH_MODE=cors&HTTP_SEC_FETCH_SITE=same-origin
 BeginRequest
2021-08-02 15:52:49,670 [15] 
 /FileUpload/ProcessUpload; Mozilla/5.0 (Windows NT 10.0; Win64; x64; rv:90.0) Gecko/20100101 Firefox/90.0; POST
ASP.NET_SessionId=s5o2gr55jh3sbxzdlmxsfm45&ALL_HTTP=HTTP_CONNECTION:keep-alive
HTTP_CONTENT_LENGTH:101641
HTTP_ACCEPT:*/*
HTTP_ACCEPT_ENCODING:gzip, deflate
HTTP_ACCEPT_LANGUAGE:zh-CN,zh;q=0.8,zh-TW;q=0.7,zh-HK;q=0.5,en-US;q=0.3,en;q=0.2
HTTP_COOKIE:ASP.NET_SessionId=s5o2gr55jh3sbxzdlmxsfm45
HTTP_HOST:localhost:40415
HTTP_REFERER:http://localhost:40415/TestPage/Index
HTTP_USER_AGENT:Mozilla/5.0 (Windows NT 10.0; Win64; x64; rv:90.0) Gecko/20100101 Firefox/90.0
HTTP_CONTENT_FILENAME:PowerDesigner%25E7%25A0%25B4%25E8%25A7%25A3.rar
HTTP_CONTENT_FILETYPE:
HTTP_CONTENT_FILESIZE:494857
HTTP_CONTENT_RANGESTART:393216
HTTP_CONTENT_RANGEEND:494857
HTTP_ORIGIN:http://localhost:40415
HTTP_SEC_FETCH_DEST:empty
HTTP_SEC_FETCH_MODE:cors
HTTP_SEC_FETCH_SITE:same-origin
&ALL_RAW=Connection: keep-alive
Content-Length: 101641
Accept: */*
Accept-Encoding: gzip, deflate
Accept-Language: zh-CN,zh;q=0.8,zh-TW;q=0.7,zh-HK;q=0.5,en-US;q=0.3,en;q=0.2
Cookie: ASP.NET_SessionId=s5o2gr55jh3sbxzdlmxsfm45
Host: localhost:40415
Referer: http://localhost:40415/TestPage/Index
User-Agent: Mozilla/5.0 (Windows NT 10.0; Win64; x64; rv:90.0) Gecko/20100101 Firefox/90.0
Content-FileName: PowerDesigner%25E7%25A0%25B4%25E8%25A7%25A3.rar
Content-FileType: 
Content-FileSize: 494857
Content-RangeStart: 393216
Content-RangeEnd: 494857
Origin: http://localhost:40415
Sec-Fetch-Dest: empty
Sec-Fetch-Mode: cors
Sec-Fetch-Site: same-origin
&APPL_MD_PATH=/LM/W3SVC/2/ROOT&APPL_PHYSICAL_PATH=C:\Users\mai22.public\source\repos\CommonLibrary\CommonLibraryWeb\&AUTH_TYPE=&AUTH_USER=&AUTH_PASSWORD=&LOGON_USER=&REMOTE_USER=&CERT_COOKIE=&CERT_FLAGS=&CERT_ISSUER=&CERT_KEYSIZE=&CERT_SECRETKEYSIZE=&CERT_SERIALNUMBER=&CERT_SERVER_ISSUER=&CERT_SERVER_SUBJECT=&CERT_SUBJECT=&CONTENT_LENGTH=101641&CONTENT_TYPE=&GATEWAY_INTERFACE=CGI/1.1&HTTPS=off&HTTPS_KEYSIZE=&HTTPS_SECRETKEYSIZE=&HTTPS_SERVER_ISSUER=&HTTPS_SERVER_SUBJECT=&INSTANCE_ID=2&INSTANCE_META_PATH=/LM/W3SVC/2&LOCAL_ADDR=127.0.0.1&PATH_INFO=/FileUpload/ProcessUpload&PATH_TRANSLATED=C:\Users\mai22.public\source\repos\CommonLibrary\CommonLibraryWeb\FileUpload\ProcessUpload&QUERY_STRING=&REMOTE_ADDR=127.0.0.1&REMOTE_HOST=127.0.0.1&REMOTE_PORT=44162&REQUEST_METHOD=POST&SCRIPT_NAME=/FileUpload/ProcessUpload&SERVER_NAME=localhost&SERVER_PORT=40415&SERVER_PORT_SECURE=0&SERVER_PROTOCOL=HTTP/1.1&SERVER_SOFTWARE=Microsoft-IIS/10.0&URL=/FileUpload/ProcessUpload&HTTP_CONNECTION=keep-alive&HTTP_CONTENT_LENGTH=101641&HTTP_ACCEPT=*/*&HTTP_ACCEPT_ENCODING=gzip, deflate&HTTP_ACCEPT_LANGUAGE=zh-CN,zh;q=0.8,zh-TW;q=0.7,zh-HK;q=0.5,en-US;q=0.3,en;q=0.2&HTTP_COOKIE=ASP.NET_SessionId=s5o2gr55jh3sbxzdlmxsfm45&HTTP_HOST=localhost:40415&HTTP_REFERER=http://localhost:40415/TestPage/Index&HTTP_USER_AGENT=Mozilla/5.0 (Windows NT 10.0; Win64; x64; rv:90.0) Gecko/20100101 Firefox/90.0&HTTP_CONTENT_FILENAME=PowerDesigner%25E7%25A0%25B4%25E8%25A7%25A3.rar&HTTP_CONTENT_FILETYPE=&HTTP_CONTENT_FILESIZE=494857&HTTP_CONTENT_RANGESTART=393216&HTTP_CONTENT_RANGEEND=494857&HTTP_ORIGIN=http://localhost:40415&HTTP_SEC_FETCH_DEST=empty&HTTP_SEC_FETCH_MODE=cors&HTTP_SEC_FETCH_SITE=same-origin
 BeginRequest
